
> coreone-backend@1.1.0 dev
> tsx watch src/app.ts

Database initialized successfully
(node:22224) ExperimentalWarning: SQLite is an experimental feature and might change at any time
(Use `node --trace-warnings ...` to show where the warning was created)
COREONE Backend Server running on port 3001
API Base URL: http://localhost:3001/api/v1
[2026-05-08T06:35:03.508Z] GET /api/v1/materials
[2026-05-08T06:35:03.513Z] GET /api/v1/materials
[2026-05-08T06:35:03.515Z] GET /api/v1/categories
[2026-05-08T06:35:03.517Z] GET /api/v1/suppliers
[2026-05-08T06:35:03.519Z] GET /api/v1/categories
[2026-05-08T06:35:03.520Z] GET /api/v1/suppliers
[2026-05-08T06:35:05.518Z] GET /api/v1/suppliers
[2026-05-08T06:35:05.520Z] GET /api/v1/suppliers
[2026-05-08T06:35:21.246Z] POST /api/v1/suppliers
[2026-05-08T06:35:21.267Z] GET /api/v1/suppliers
[2026-05-08T06:35:24.795Z] GET /api/v1/boms
[2026-05-08T06:35:24.797Z] GET /api/v1/boms
[2026-05-08T06:35:27.007Z] GET /api/v1/boms
[2026-05-08T06:35:27.010Z] GET /api/v1/boms
[2026-05-08T06:35:28.009Z] GET /api/v1/reports/project-cost
[2026-05-08T06:35:28.010Z] GET /api/v1/reports/material-cost
[2026-05-08T06:35:28.011Z] GET /api/v1/reports/supplier-cost
[2026-05-08T06:35:28.012Z] GET /api/v1/reports/material-cost
[2026-05-08T06:35:28.012Z] GET /api/v1/reports/project-cost
[2026-05-08T06:35:28.013Z] GET /api/v1/reports/supplier-cost
[2026-05-08T06:35:29.156Z] GET /api/v1/categories/tree
[2026-05-08T06:35:29.159Z] GET /api/v1/categories/tree
[2026-05-08T06:35:29.162Z] GET /api/v1/categories
[2026-05-08T06:35:29.167Z] GET /api/v1/categories
[2026-05-08T06:35:37.854Z] POST /api/v1/categories
[2026-05-08T06:35:37.868Z] GET /api/v1/categories/tree
[2026-05-08T06:35:37.875Z] GET /api/v1/categories
[2026-05-08T06:35:39.482Z] GET /api/v1/reports/project-cost
[2026-05-08T06:35:39.483Z] GET /api/v1/reports/material-cost
[2026-05-08T06:35:39.484Z] GET /api/v1/reports/supplier-cost
[2026-05-08T06:35:39.485Z] GET /api/v1/reports/project-cost
[2026-05-08T06:35:39.486Z] GET /api/v1/reports/material-cost
[2026-05-08T06:35:39.486Z] GET /api/v1/reports/supplier-cost
[2026-05-08T06:35:40.521Z] GET /api/v1/materials
[2026-05-08T06:35:40.522Z] GET /api/v1/categories
[2026-05-08T06:35:40.523Z] GET /api/v1/suppliers
[2026-05-08T06:35:40.524Z] GET /api/v1/materials
[2026-05-08T06:35:40.526Z] GET /api/v1/categories
[2026-05-08T06:35:40.527Z] GET /api/v1/suppliers
[2026-05-08T06:35:41.814Z] GET /api/v1/materials/next-code
[2026-05-08T06:35:41.816Z] GET /api/v1/materials/next-code
[2026-05-08T06:36:18.011Z] POST /api/v1/materials
[2026-05-08T06:36:18.041Z] GET /api/v1/materials
[2026-05-08T06:36:35.337Z] GET /api/v1/inbound
[2026-05-08T06:36:35.339Z] GET /api/v1/inbound
[2026-05-08T06:36:37.243Z] GET /api/v1/materials
[2026-05-08T06:36:37.245Z] GET /api/v1/suppliers
[2026-05-08T06:36:37.247Z] GET /api/v1/locations
[2026-05-08T06:37:01.078Z] GET /api/v1/locations
[2026-05-08T06:37:01.079Z] GET /api/v1/locations/tree
[2026-05-08T06:37:01.081Z] GET /api/v1/locations
[2026-05-08T06:37:01.083Z] GET /api/v1/locations/tree
[2026-05-08T06:44:35.099Z] GET /api/v1/locations
[2026-05-08T06:44:35.101Z] GET /api/v1/locations/tree
[2026-05-08T06:44:35.105Z] GET /api/v1/locations
[2026-05-08T06:44:35.108Z] GET /api/v1/locations/tree
[2026-05-08T06:45:17.099Z] GET /api/v1/locations
[2026-05-08T06:45:17.104Z] GET /api/v1/locations/tree
[2026-05-08T06:45:59.079Z] GET /api/v1/locations
[2026-05-08T06:45:59.080Z] GET /api/v1/locations/tree
[2026-05-08T06:57:37.085Z] GET /api/v1/locations
[2026-05-08T06:57:37.086Z] GET /api/v1/locations/tree
[2026-05-08T07:15:14.082Z] GET /api/v1/locations
[2026-05-08T07:15:14.083Z] GET /api/v1/locations/tree
[2026-05-08T07:26:14.154Z] GET /api/v1/locations
[2026-05-08T07:26:14.160Z] GET /api/v1/locations/tree
[2026-05-08T07:26:14.162Z] GET /api/v1/locations
[2026-05-08T07:26:14.164Z] GET /api/v1/locations/tree
[2026-05-08T07:29:21.137Z] GET /api/v1/locations
[2026-05-08T07:29:21.139Z] GET /api/v1/locations/tree
[2026-05-08T07:29:21.140Z] GET /api/v1/locations
[2026-05-08T07:29:21.141Z] GET /api/v1/locations/tree
[2026-05-08T07:31:45.092Z] GET /api/v1/locations
[2026-05-08T07:31:45.094Z] GET /api/v1/locations/tree
[2026-05-08T07:33:10.568Z] GET /api/v1/locations
[2026-05-08T07:33:10.570Z] GET /api/v1/locations
[2026-05-08T07:33:10.571Z] GET /api/v1/locations/tree
[2026-05-08T07:33:10.572Z] GET /api/v1/locations/tree
[2026-05-08T07:33:32.067Z] POST /api/v1/locations
[2026-05-08T07:33:32.083Z] GET /api/v1/locations/tree
[2026-05-08T07:33:32.084Z] GET /api/v1/locations
[2026-05-08T07:33:40.768Z] PUT /api/v1/locations/5348c8ba-b934-4536-be1f-805243057e9b
[2026-05-08T07:33:40.788Z] GET /api/v1/locations
[2026-05-08T07:33:40.790Z] GET /api/v1/locations/tree
[2026-05-08T07:33:47.899Z] GET /api/v1/categories/tree
[2026-05-08T07:33:47.909Z] GET /api/v1/categories/tree
[2026-05-08T07:33:47.927Z] GET /api/v1/categories
[2026-05-08T07:33:47.932Z] GET /api/v1/categories
[2026-05-08T07:33:49.798Z] GET /api/v1/materials
[2026-05-08T07:33:49.799Z] GET /api/v1/categories
[2026-05-08T07:33:49.802Z] GET /api/v1/suppliers
[2026-05-08T07:33:49.803Z] GET /api/v1/materials
[2026-05-08T07:33:49.805Z] GET /api/v1/categories
[2026-05-08T07:33:49.806Z] GET /api/v1/suppliers
[2026-05-08T07:34:02.654Z] PUT /api/v1/materials/1347e9f3-0490-490e-8c14-487cc0ee454c
[2026-05-08T07:34:02.669Z] GET /api/v1/materials
[2026-05-08T07:34:05.860Z] GET /api/v1/categories/tree
[2026-05-08T07:34:05.862Z] GET /api/v1/categories/tree
[2026-05-08T07:34:05.870Z] GET /api/v1/categories
[2026-05-08T07:34:05.872Z] GET /api/v1/categories
[2026-05-08T07:34:07.216Z] GET /api/v1/inbound
[2026-05-08T07:34:07.218Z] GET /api/v1/inbound
[2026-05-08T07:34:08.871Z] GET /api/v1/suppliers
[2026-05-08T07:34:08.872Z] GET /api/v1/materials
[2026-05-08T07:34:08.874Z] GET /api/v1/locations
[2026-05-08T07:34:37.914Z] POST /api/v1/inbound
15:36:08 [tsx] change in ./src\routes\inbound-v1.1.ts Restarting...
cDatabase initialized successfully
(node:36996) ExperimentalWarning: SQLite is an experimental feature and might change at any time
(Use `node --trace-warnings ...` to show where the warning was created)
COREONE Backend Server running on port 3001
API Base URL: http://localhost:3001/api/v1
[2026-05-08T07:41:00.569Z] POST /api/v1/inbound
15:42:18 [tsx] change in ./src\routes\inbound-v1.1.ts Restarting...
cDatabase initialized successfully
(node:53232) ExperimentalWarning: SQLite is an experimental feature and might change at any time
(Use `node --trace-warnings ...` to show where the warning was created)
COREONE Backend Server running on port 3001
API Base URL: http://localhost:3001/api/v1
[2026-05-08T07:44:06.925Z] GET /api/v1/inbound
[2026-05-08T07:44:06.931Z] GET /api/v1/inbound
[2026-05-08T07:44:08.783Z] GET /api/v1/inventory
[2026-05-08T07:44:08.785Z] GET /api/v1/inventory/stats
[2026-05-08T07:44:08.789Z] GET /api/v1/inventory
[2026-05-08T07:44:08.790Z] GET /api/v1/inventory/stats
[2026-05-08T07:44:09.548Z] GET /api/v1/inbound
[2026-05-08T07:44:09.550Z] GET /api/v1/inbound
[2026-05-08T07:44:24.355Z] GET /api/v1/materials
[2026-05-08T07:44:24.358Z] GET /api/v1/suppliers
[2026-05-08T07:44:24.359Z] GET /api/v1/locations
[2026-05-08T07:44:37.341Z] POST /api/v1/inbound
[2026-05-08T07:45:17.308Z] GET /api/v1/inbound
[2026-05-08T07:45:48.747Z] POST /api/v1/inbound
15:46:58 [tsx] change in ./src\routes\inbound-v1.1.ts Restarting...
cDatabase initialized successfully
(node:22320) ExperimentalWarning: SQLite is an experimental feature and might change at any time
(Use `node --trace-warnings ...` to show where the warning was created)
COREONE Backend Server running on port 3001
API Base URL: http://localhost:3001/api/v1
[2026-05-08T07:47:45.141Z] POST /api/v1/inbound
[2026-05-08T07:48:49.768Z] GET /api/v1/inbound
[2026-05-08T07:48:49.771Z] GET /api/v1/inbound
[2026-05-08T07:48:52.303Z] GET /api/v1/inventory
[2026-05-08T07:48:52.304Z] GET /api/v1/inventory/stats
[2026-05-08T07:48:52.308Z] GET /api/v1/inventory
[2026-05-08T07:48:52.310Z] GET /api/v1/inventory/stats
[2026-05-08T07:48:52.984Z] GET /api/v1/inbound
[2026-05-08T07:48:52.986Z] GET /api/v1/inbound
[2026-05-08T07:48:58.564Z] GET /api/v1/materials
[2026-05-08T07:48:58.566Z] GET /api/v1/locations
[2026-05-08T07:48:58.568Z] GET /api/v1/suppliers
[2026-05-08T07:49:14.278Z] POST /api/v1/inbound
[2026-05-08T07:49:14.326Z] GET /api/v1/inbound
[2026-05-08T07:49:16.351Z] GET /api/v1/inventory/stats
[2026-05-08T07:49:16.353Z] GET /api/v1/inventory
[2026-05-08T07:49:16.355Z] GET /api/v1/inventory/stats
[2026-05-08T07:49:16.357Z] GET /api/v1/inventory
[2026-05-08T07:49:17.109Z] GET /api/v1/inbound
[2026-05-08T07:49:17.111Z] GET /api/v1/inbound
[2026-05-08T08:03:18.597Z] GET /api/v1/materials
[2026-05-08T08:03:18.599Z] GET /api/v1/suppliers
[2026-05-08T08:03:18.601Z] GET /api/v1/locations
[2026-05-08T08:03:23.945Z] GET /api/v1/materials
[2026-05-08T08:03:23.946Z] GET /api/v1/suppliers
[2026-05-08T08:03:23.947Z] GET /api/v1/locations
[2026-05-08T08:08:34.091Z] GET /api/v1/inbound
[2026-05-08T08:10:56.168Z] GET /api/v1/outbound
[2026-05-08T08:10:56.172Z] GET /api/v1/outbound
[2026-05-08T08:10:57.023Z] GET /api/v1/inbound
[2026-05-08T08:10:57.025Z] GET /api/v1/inbound
16:15:11 [tsx] change in ./src\routes\inbound-v1.1.ts Restarting...
cDatabase initialized successfully
(node:29440) ExperimentalWarning: SQLite is an experimental feature and might change at any time
(Use `node --trace-warnings ...` to show where the warning was created)
COREONE Backend Server running on port 3001
API Base URL: http://localhost:3001/api/v1
[2026-05-08T08:18:27.538Z] GET /api/v1/inbound
[2026-05-08T08:18:27.544Z] GET /api/v1/inbound
[2026-05-08T08:18:34.723Z] GET /api/v1/inventory
[2026-05-08T08:18:34.726Z] GET /api/v1/inventory/stats
[2026-05-08T08:18:34.728Z] GET /api/v1/inventory
[2026-05-08T08:18:34.730Z] GET /api/v1/inventory/stats
[2026-05-08T08:18:36.756Z] GET /api/v1/inventory
[2026-05-08T08:18:36.758Z] GET /api/v1/inventory/stats
[2026-05-08T08:18:36.760Z] GET /api/v1/inventory
[2026-05-08T08:18:36.762Z] GET /api/v1/inventory/stats
[2026-05-08T08:20:12.861Z] GET /api/v1/inbound
[2026-05-08T08:20:12.863Z] GET /api/v1/inbound
16:21:35 [tsx] change in ./src\app.ts Restarting...
cDatabase initialized successfully
(node:8284) ExperimentalWarning: SQLite is an experimental feature and might change at any time
(Use `node --trace-warnings ...` to show where the warning was created)
COREONE Backend Server running on port 3001
API Base URL: http://localhost:3001/api/v1
[2026-05-08T08:22:19.225Z] POST /api/v1/transfers/inbound
[2026-05-08T08:23:56.091Z] GET /api/v1/inbound
[2026-05-08T08:23:56.095Z] GET /api/v1/inbound
[2026-05-08T08:24:41.086Z] GET /api/v1/inbound
[2026-05-08T08:26:20.127Z] GET /api/v1/locations
[2026-05-08T08:26:20.129Z] GET /api/v1/locations/tree
[2026-05-08T08:26:20.131Z] GET /api/v1/locations
[2026-05-08T08:26:20.133Z] GET /api/v1/locations/tree
[2026-05-08T08:27:05.886Z] POST /api/v1/locations
[2026-05-08T08:27:05.906Z] GET /api/v1/locations
[2026-05-08T08:27:05.908Z] GET /api/v1/locations/tree
[2026-05-08T08:29:35.380Z] POST /api/v1/transfers/inbound
16:31:49 [tsx] change in ./src\routes\transfers-v1.1.ts Restarting...
cDatabase initialized successfully
(node:39536) ExperimentalWarning: SQLite is an experimental feature and might change at any time
(Use `node --trace-warnings ...` to show where the warning was created)
COREONE Backend Server running on port 3001
API Base URL: http://localhost:3001/api/v1
[2026-05-08T08:33:29.852Z] POST /api/v1/transfers/inbound
16:34:01 [tsx] change in ./src\routes\transfers-v1.1.ts Restarting...
cDatabase initialized successfully
(node:26944) ExperimentalWarning: SQLite is an experimental feature and might change at any time
(Use `node --trace-warnings ...` to show where the warning was created)
COREONE Backend Server running on port 3001
API Base URL: http://localhost:3001/api/v1
[2026-05-08T08:34:17.386Z] POST /api/v1/transfers/inbound
[2026-05-08T08:35:35.800Z] GET /api/v1/locations
[2026-05-08T08:35:35.802Z] GET /api/v1/locations
[2026-05-08T08:35:35.804Z] GET /api/v1/locations/tree
[2026-05-08T08:35:35.806Z] GET /api/v1/locations/tree
[2026-05-08T08:35:38.028Z] GET /api/v1/inventory
[2026-05-08T08:35:38.031Z] GET /api/v1/inventory/stats
[2026-05-08T08:35:38.036Z] GET /api/v1/inventory
[2026-05-08T08:35:38.039Z] GET /api/v1/inventory/stats
[2026-05-08T08:35:39.511Z] GET /api/v1/outbound
[2026-05-08T08:35:39.513Z] GET /api/v1/outbound
[2026-05-08T08:35:40.117Z] GET /api/v1/inbound
[2026-05-08T08:35:40.120Z] GET /api/v1/inbound
[2026-05-08T08:35:55.595Z] GET /api/v1/materials
[2026-05-08T08:35:55.597Z] GET /api/v1/suppliers
[2026-05-08T08:35:55.599Z] GET /api/v1/locations
[2026-05-08T08:36:30.443Z] GET /api/v1/inventory
[2026-05-08T08:36:30.445Z] GET /api/v1/inventory/stats
[2026-05-08T08:36:30.448Z] GET /api/v1/inventory
[2026-05-08T08:36:30.449Z] GET /api/v1/inventory/stats
[2026-05-08T08:36:33.160Z] GET /api/v1/inbound
[2026-05-08T08:36:33.163Z] GET /api/v1/inbound
[2026-05-08T08:36:40.183Z] GET /api/v1/materials
[2026-05-08T08:36:40.184Z] GET /api/v1/suppliers
[2026-05-08T08:36:40.186Z] GET /api/v1/locations
[2026-05-08T08:38:31.850Z] GET /api/v1/materials
[2026-05-08T08:38:31.852Z] GET /api/v1/suppliers
[2026-05-08T08:38:31.854Z] GET /api/v1/locations
[2026-05-08T08:38:41.657Z] GET /api/v1/locations
[2026-05-08T08:38:41.658Z] GET /api/v1/locations/tree
[2026-05-08T08:38:41.660Z] GET /api/v1/locations
[2026-05-08T08:38:41.662Z] GET /api/v1/locations/tree
[2026-05-08T08:38:49.674Z] GET /api/v1/inventory/stats
[2026-05-08T08:38:49.676Z] GET /api/v1/inbound
[2026-05-08T08:38:49.678Z] GET /api/v1/outbound
[2026-05-08T08:38:49.680Z] GET /api/v1/inventory/stats
[2026-05-08T08:38:49.684Z] GET /api/v1/inbound
[2026-05-08T08:38:49.686Z] GET /api/v1/outbound
[2026-05-08T08:38:54.243Z] GET /api/v1/alerts
[2026-05-08T08:38:54.245Z] GET /api/v1/alerts
[2026-05-08T08:50:55.338Z] GET /api/v1/inventory
[2026-05-08T08:50:55.339Z] GET /api/v1/inventory/stats
[2026-05-08T08:50:55.341Z] GET /api/v1/inventory
[2026-05-08T08:50:55.343Z] GET /api/v1/inventory/stats
[2026-05-08T08:50:56.274Z] GET /api/v1/outbound
[2026-05-08T08:50:56.276Z] GET /api/v1/outbound
[2026-05-08T08:50:57.117Z] GET /api/v1/inbound
[2026-05-08T08:50:57.119Z] GET /api/v1/inbound
[2026-05-08T08:53:55.859Z] GET /api/v1/inventory/stats
[2026-05-08T08:53:55.863Z] GET /api/v1/outbound
[2026-05-08T08:53:55.864Z] GET /api/v1/inbound
[2026-05-08T08:53:55.866Z] GET /api/v1/outbound
[2026-05-08T08:53:55.867Z] GET /api/v1/inventory/stats
[2026-05-08T08:53:55.869Z] GET /api/v1/inbound
[2026-05-08T08:53:58.265Z] GET /api/v1/outbound
[2026-05-08T08:53:58.267Z] GET /api/v1/outbound
[2026-05-08T08:53:59.334Z] GET /api/v1/inventory
[2026-05-08T08:53:59.336Z] GET /api/v1/inventory/stats
[2026-05-08T08:53:59.338Z] GET /api/v1/inventory
[2026-05-08T08:53:59.339Z] GET /api/v1/inventory/stats
[2026-05-08T08:54:00.091Z] GET /api/v1/inbound
[2026-05-08T08:54:00.094Z] GET /api/v1/inbound
[2026-05-08T08:54:00.410Z] GET /api/v1/outbound
[2026-05-08T08:54:00.413Z] GET /api/v1/outbound
[2026-05-08T08:54:00.992Z] GET /api/v1/inbound
[2026-05-08T08:54:00.998Z] GET /api/v1/inbound
[2026-05-08T08:54:01.427Z] GET /api/v1/inventory/stats
[2026-05-08T08:54:01.429Z] GET /api/v1/inbound
[2026-05-08T08:54:01.431Z] GET /api/v1/outbound
[2026-05-08T08:54:01.433Z] GET /api/v1/inventory/stats
[2026-05-08T08:54:01.435Z] GET /api/v1/inbound
[2026-05-08T08:54:01.437Z] GET /api/v1/outbound
[2026-05-08T08:54:11.818Z] GET /api/v1/inventory/stats
[2026-05-08T08:54:11.821Z] GET /api/v1/inbound
[2026-05-08T08:54:11.822Z] GET /api/v1/outbound
[2026-05-08T08:54:11.824Z] GET /api/v1/inventory/stats
[2026-05-08T08:54:11.826Z] GET /api/v1/inbound
[2026-05-08T08:54:11.827Z] GET /api/v1/outbound
[2026-05-08T08:54:21.431Z] GET /api/v1/logs
[2026-05-08T08:54:21.433Z] GET /api/v1/logs
[2026-05-08T08:54:24.449Z] GET /api/v1/inventory/stats
[2026-05-08T08:54:24.451Z] GET /api/v1/inbound
[2026-05-08T08:54:24.453Z] GET /api/v1/outbound
[2026-05-08T08:54:24.455Z] GET /api/v1/inventory/stats
[2026-05-08T08:54:24.457Z] GET /api/v1/inbound
[2026-05-08T08:54:24.458Z] GET /api/v1/outbound
[2026-05-08T08:54:27.724Z] GET /api/v1/alerts
[2026-05-08T08:54:27.725Z] GET /api/v1/alerts
[2026-05-08T08:54:28.978Z] GET /api/v1/inventory/stats
[2026-05-08T08:54:28.981Z] GET /api/v1/inbound
[2026-05-08T08:54:28.982Z] GET /api/v1/outbound
[2026-05-08T08:54:28.984Z] GET /api/v1/inventory/stats
[2026-05-08T08:54:28.987Z] GET /api/v1/inbound
[2026-05-08T08:54:28.988Z] GET /api/v1/outbound
[2026-05-08T09:00:24.656Z] GET /api/v1/outbound
[2026-05-08T09:00:24.658Z] GET /api/v1/outbound
[2026-05-08T09:00:25.720Z] GET /api/v1/inbound
[2026-05-08T09:00:25.723Z] GET /api/v1/inbound
[2026-05-08T09:00:26.885Z] GET /api/v1/suppliers
[2026-05-08T09:00:26.886Z] GET /api/v1/materials
[2026-05-08T09:00:26.888Z] GET /api/v1/locations
[2026-05-08T09:00:52.273Z] DELETE /api/v1/inbound/5235941a-6833-4883-a517-e862de03b1df
[2026-05-08T09:00:52.288Z] GET /api/v1/inbound
[2026-05-08T09:00:54.754Z] DELETE /api/v1/inbound/f340f0d3-7f92-456f-92eb-95ed0f8e226e
[2026-05-08T09:00:54.768Z] GET /api/v1/inbound
[2026-05-08T09:01:00.544Z] DELETE /api/v1/inbound/9936f6bc-0a46-4842-9d7f-6c9936943980
[2026-05-08T09:01:00.563Z] GET /api/v1/inbound
[2026-05-08T09:01:02.568Z] DELETE /api/v1/inbound/95b9ab93-e7aa-4112-ab3d-ac33d6e25bcc
[2026-05-08T09:01:02.585Z] GET /api/v1/inbound
[2026-05-08T09:01:59.940Z] GET /api/v1/materials
[2026-05-08T09:01:59.942Z] GET /api/v1/suppliers
[2026-05-08T09:01:59.943Z] GET /api/v1/locations
[2026-05-08T09:02:41.688Z] GET /api/v1/materials
[2026-05-08T09:02:41.690Z] GET /api/v1/suppliers
[2026-05-08T09:02:41.691Z] GET /api/v1/locations
[2026-05-08T09:05:05.119Z] GET /api/v1/inbound
[2026-05-08T09:06:21.541Z] GET /api/v1/inventory
[2026-05-08T09:06:21.542Z] GET /api/v1/inventory/stats
[2026-05-08T09:06:21.544Z] GET /api/v1/inventory
[2026-05-08T09:06:21.546Z] GET /api/v1/inventory/stats
[2026-05-08T09:06:23.631Z] GET /api/v1/inbound
[2026-05-08T09:06:23.633Z] GET /api/v1/inbound
[2026-05-08T09:06:33.051Z] GET /api/v1/materials
[2026-05-08T09:06:33.052Z] GET /api/v1/suppliers
[2026-05-08T09:06:33.054Z] GET /api/v1/locations
[2026-05-08T09:07:24.884Z] GET /api/v1/materials
[2026-05-08T09:07:24.885Z] GET /api/v1/suppliers
[2026-05-08T09:07:24.887Z] GET /api/v1/locations
[2026-05-08T09:10:55.090Z] GET /api/v1/locations
[2026-05-08T09:10:55.092Z] GET /api/v1/locations/tree
[2026-05-08T09:10:55.093Z] GET /api/v1/locations
[2026-05-08T09:10:55.094Z] GET /api/v1/locations/tree
[2026-05-08T09:14:04.621Z] GET /api/v1/inbound
[2026-05-08T09:14:04.625Z] GET /api/v1/inbound
[2026-05-08T09:14:05.263Z] GET /api/v1/materials
[2026-05-08T09:14:05.265Z] GET /api/v1/suppliers
[2026-05-08T09:14:05.266Z] GET /api/v1/locations
[2026-05-08T09:15:54.814Z] GET /api/v1/stocktaking
[2026-05-08T09:15:54.822Z] GET /api/v1/stocktaking
[2026-05-08T09:15:56.668Z] GET /api/v1/materials
[2026-05-08T09:16:03.643Z] GET /api/v1/inbound
[2026-05-08T09:16:03.644Z] GET /api/v1/inbound
[2026-05-08T09:23:16.921Z] GET /api/v1/materials
[2026-05-08T09:23:16.925Z] GET /api/v1/suppliers
[2026-05-08T09:23:16.928Z] GET /api/v1/locations
[2026-05-08T09:23:46.336Z] GET /api/v1/inventory
[2026-05-08T09:23:46.338Z] GET /api/v1/inventory/stats
[2026-05-08T09:23:46.339Z] GET /api/v1/inventory
[2026-05-08T09:23:46.341Z] GET /api/v1/inventory/stats
[2026-05-08T09:54:34.152Z] GET /api/v1/inventory
[2026-05-08T09:54:34.155Z] GET /api/v1/inventory/stats
[2026-05-08T09:54:34.158Z] GET /api/v1/inventory
[2026-05-08T09:54:34.159Z] GET /api/v1/inventory/stats
[2026-05-08T09:54:35.595Z] GET /api/v1/inbound
[2026-05-08T09:54:35.601Z] GET /api/v1/inbound
[2026-05-08T09:54:37.904Z] GET /api/v1/materials
[2026-05-08T09:54:37.906Z] GET /api/v1/suppliers
[2026-05-08T09:54:37.908Z] GET /api/v1/locations
[2026-05-08T09:56:28.297Z] GET /api/v1/materials
[2026-05-08T09:56:28.299Z] GET /api/v1/suppliers
[2026-05-08T09:56:28.301Z] GET /api/v1/locations
[2026-05-08T09:56:36.925Z] POST /api/v1/inbound
[2026-05-08T09:56:36.979Z] GET /api/v1/inbound
[2026-05-08T09:56:43.899Z] PUT /api/v1/inbound/6367b143-d9d4-4e77-8ab9-f5ee1c8d3f9a
[2026-05-08T09:56:43.919Z] GET /api/v1/inbound
[2026-05-08T10:14:53.098Z] GET /api/v1/inbound

d:\Git\COREONE\×îĐÂ´úÂë\şó¶Ë´úÂë\server>